
=== cmplxcruncher === v1.1rc12 === Dec 2016 === by DLS team ===

Base working directory changed to "."


Parsing Excel file ./KO.tpm.MTG.filtered.xlsx

	 Processing sheet E03
		 Just read 949 elements (rows) and 6 time registers (columns)...
		 NOTE: Renormalizing to 1 time registers (columns) out of prob tol...
		 Processing 949 elements (rows) and 6 time registers (columns)...
		 Prepare data for the dataset(s)...
		 Fit data and plot figs for: [ALL DATA] 

	 Processing sheet E05
		 Just read 949 elements (rows) and 5 time registers (columns)...
		 NOTE: Renormalizing to 1 time registers (columns) out of prob tol...
		 Processing 949 elements (rows) and 5 time registers (columns)...
		 Prepare data for the dataset(s)...
		 Fit data and plot figs for: [ALL DATA] 

	 Processing sheet h_A01
		 Just read 949 elements (rows) and 6 time registers (columns)...
		 NOTE: Renormalizing to 1 time registers (columns) out of prob tol...
		 Processing 949 elements (rows) and 6 time registers (columns)...
		 Prepare data for the dataset(s)...
		 Fit data and plot figs for: [ALL DATA] 

	 Processing sheet h_A04
		 Just read 949 elements (rows) and 6 time registers (columns)...
		 NOTE: Renormalizing to 1 time registers (columns) out of prob tol...
		 Processing 949 elements (rows) and 6 time registers (columns)...
		 Prepare data for the dataset(s)...
		 Fit data and plot figs for: [ALL DATA] 

	 Processing sheet h_A08
		 Just read 949 elements (rows) and 6 time registers (columns)...
		 NOTE: Renormalizing to 1 time registers (columns) out of prob tol...
		 Processing 949 elements (rows) and 6 time registers (columns)...
		 Prepare data for the dataset(s)...
		 Fit data and plot figs for: [ALL DATA] 

	 Processing sheet I02
		 Just read 949 elements (rows) and 6 time registers (columns)...
		 NOTE: Renormalizing to 1 time registers (columns) out of prob tol...
		 Processing 949 elements (rows) and 6 time registers (columns)...
		 Prepare data for the dataset(s)...
		 Fit data and plot figs for: [ALL DATA] 

	 Processing sheet I07
		 Just read 949 elements (rows) and 6 time registers (columns)...
		 NOTE: Renormalizing to 1 time registers (columns) out of prob tol...
		 Processing 949 elements (rows) and 6 time registers (columns)...
		 Prepare data for the dataset(s)...
		 Fit data and plot figs for: [ALL DATA] 

	 Processing sheet E01
		 Just read 949 elements (rows) and 6 time registers (columns)...
		 NOTE: Renormalizing to 1 time registers (columns) out of prob tol...
		 Processing 949 elements (rows) and 6 time registers (columns)...
		 Prepare data for the dataset(s)...
		 Fit data and plot figs for: [ALL DATA] 

	 Processing sheet E07
		 Just read 949 elements (rows) and 4 time registers (columns)...
		 NOTE: Renormalizing to 1 time registers (columns) out of prob tol...
		 Processing 949 elements (rows) and 4 time registers (columns)...
		 Prepare data for the dataset(s)...
		 Fit data and plot figs for: [ALL DATA] 

	 Processing sheet h_A02
		 Just read 949 elements (rows) and 6 time registers (columns)...
		 NOTE: Renormalizing to 1 time registers (columns) out of prob tol...
		 Processing 949 elements (rows) and 6 time registers (columns)...
		 Prepare data for the dataset(s)...
		 Fit data and plot figs for: [ALL DATA] 

	 Processing sheet h_A06
		 Just read 949 elements (rows) and 2 time registers (columns)...
		 NOTE: Renormalizing to 1 time registers (columns) out of prob tol...
		 Processing 949 elements (rows) and 2 time registers (columns)...
		 Prepare data for the dataset(s)...
		 Fit data and plot figs for: [ALL DATA] 

	 Processing sheet h_A09
		 Just read 949 elements (rows) and 6 time registers (columns)...
		 NOTE: Renormalizing to 1 time registers (columns) out of prob tol...
		 Processing 949 elements (rows) and 6 time registers (columns)...
		 Prepare data for the dataset(s)...
		 Fit data and plot figs for: [ALL DATA] 

	 Processing sheet I03
		 Just read 949 elements (rows) and 6 time registers (columns)...
		 NOTE: Renormalizing to 1 time registers (columns) out of prob tol...
		 Processing 949 elements (rows) and 6 time registers (columns)...
		 Prepare data for the dataset(s)...
		 Fit data and plot figs for: [ALL DATA] 

	 Processing sheet I08
		 Just read 949 elements (rows) and 6 time registers (columns)...
		 NOTE: Renormalizing to 1 time registers (columns) out of prob tol...
		 Processing 949 elements (rows) and 6 time registers (columns)...
		 Prepare data for the dataset(s)...
		 Fit data and plot figs for: [ALL DATA] 

	 Processing sheet E04
		 Just read 949 elements (rows) and 6 time registers (columns)...
		 NOTE: Renormalizing to 1 time registers (columns) out of prob tol...
		 Processing 949 elements (rows) and 6 time registers (columns)...
		 Prepare data for the dataset(s)...
		 Fit data and plot figs for: [ALL DATA] 

	 Processing sheet E09
		 Just read 949 elements (rows) and 6 time registers (columns)...
		 NOTE: Renormalizing to 1 time registers (columns) out of prob tol...
		 Processing 949 elements (rows) and 6 time registers (columns)...
		 Prepare data for the dataset(s)...
		 Fit data and plot figs for: [ALL DATA] 

	 Processing sheet h_A03
		 Just read 949 elements (rows) and 5 time registers (columns)...
		 NOTE: Renormalizing to 1 time registers (columns) out of prob tol...
		 Processing 949 elements (rows) and 5 time registers (columns)...
		 Prepare data for the dataset(s)...
		 Fit data and plot figs for: [ALL DATA] 

	 Processing sheet h_A07
		 Just read 949 elements (rows) and 6 time registers (columns)...
		 NOTE: Renormalizing to 1 time registers (columns) out of prob tol...
		 Processing 949 elements (rows) and 6 time registers (columns)...
		 Prepare data for the dataset(s)...
		 Fit data and plot figs for: [ALL DATA] 

	 Processing sheet I01
		 Just read 949 elements (rows) and 6 time registers (columns)...
		 NOTE: Renormalizing to 1 time registers (columns) out of prob tol...
		 Processing 949 elements (rows) and 6 time registers (columns)...
		 Prepare data for the dataset(s)...
		 Fit data and plot figs for: [ALL DATA] 

	 Processing sheet I04
		 Just read 949 elements (rows) and 1 time registers (columns)...
		 NOTE: Renormalizing to 1 time registers (columns) out of prob tol...
		 ABORTED! Not enough time samples for analysis!

	 Processing sheet I04
		 Just read 949 elements (rows) and 1 time registers (columns)...
		 NOTE: Renormalizing to 1 time registers (columns) out of prob tol...


	 Processing sheet I05
		 Just read 949 elements (rows) and 6 time registers (columns)...
		 NOTE: Renormalizing to 1 time registers (columns) out of prob tol...
		 Processing 949 elements (rows) and 6 time registers (columns)...
		 Prepare data for the dataset(s)...
		 Fit data and plot figs for: [ALL DATA] 

	 Processing sheet I09
		 Just read 949 elements (rows) and 6 time registers (columns)...
		 NOTE: Renormalizing to 1 time registers (columns) out of prob tol...
		 Processing 949 elements (rows) and 6 time registers (columns)...
		 Prepare data for the dataset(s)...
		 Fit data and plot figs for: [ALL DATA] 

	 Processing sheet E02
		 Just read 949 elements (rows) and 6 time registers (columns)...
		 NOTE: Renormalizing to 1 time registers (columns) out of prob tol...
		 Processing 949 elements (rows) and 6 time registers (columns)...
		 Prepare data for the dataset(s)...
		 Fit data and plot figs for: [ALL DATA] 

	 Processing sheet E06
		 Just read 949 elements (rows) and 5 time registers (columns)...
		 NOTE: Renormalizing to 1 time registers (columns) out of prob tol...
		 Processing 949 elements (rows) and 5 time registers (columns)...
		 Prepare data for the dataset(s)...
		 Fit data and plot figs for: [ALL DATA] 

	 Processing sheet E10
		 Just read 949 elements (rows) and 6 time registers (columns)...
		 NOTE: Renormalizing to 1 time registers (columns) out of prob tol...
		 Processing 949 elements (rows) and 6 time registers (columns)...
		 Prepare data for the dataset(s)...
		 Fit data and plot figs for: [ALL DATA] 

	 Processing sheet h_A05
		 Just read 949 elements (rows) and 6 time registers (columns)...
		 NOTE: Renormalizing to 1 time registers (columns) out of prob tol...
		 Processing 949 elements (rows) and 6 time registers (columns)...
		 Prepare data for the dataset(s)...
		 Fit data and plot figs for: [ALL DATA] 

	 Processing sheet h_A10
		 Just read 949 elements (rows) and 2 time registers (columns)...
		 NOTE: Renormalizing to 1 time registers (columns) out of prob tol...
		 Processing 949 elements (rows) and 2 time registers (columns)...
		 Prepare data for the dataset(s)...
		 Fit data and plot figs for: [ALL DATA] 

	 Processing sheet I06
		 Just read 949 elements (rows) and 6 time registers (columns)...
		 NOTE: Renormalizing to 1 time registers (columns) out of prob tol...
		 Processing 949 elements (rows) and 6 time registers (columns)...
		 Prepare data for the dataset(s)...
		 Fit data and plot figs for: [ALL DATA] 

	 Processing sheet I10
		 Just read 949 elements (rows) and 6 time registers (columns)...
		 NOTE: Renormalizing to 1 time registers (columns) out of prob tol...
		 Processing 949 elements (rows) and 6 time registers (columns)...
		 Prepare data for the dataset(s)...
		 Fit data and plot figs for: [ALL DATA] 

	 Standardization step: by 10 h_ elements. Stan. matrix:
            mean_w      stdv_w    __sigm    __disp     _stdv
xW_V     0.0108746  0.00817291  0.001103  0.011066  0.011121
xW_beta   0.672204    0.055934  0.012544  0.104092  0.104845

Saving results for ./KO.tpm.MTG.filtered.xlsx...

NOTE: pdfLaTeX console output next......
END: LaTeX and its PDF file successfully created!

END: cmplxcruncher successfully parsed 1 files in the directory '.'.
END: 28 data sets have been processed in this session.
