
=== cmplxcruncher === v1.1rc12 === Dec 2016 === by DLS team ===

Base working directory changed to "."


Parsing Excel file ./counts.genus.individuals.hA.xlsx

	 Processing sheet h_A02
		 Just read 356 elements (rows) and 8 time registers (columns)...
		 WARNING! Eliminating 169 elements with acc. abs freqs beyond the limits...
		 NOTE: Renormalizing to 1 time registers (columns) out of prob tol...
		 Processing 187 elements (rows) and 8 time registers (columns)...
		 Prepare data for the dataset(s)...
		 Fit data and plot figs for: [ALL DATA] 

	 Processing sheet h_A08
		 Just read 356 elements (rows) and 8 time registers (columns)...
		 WARNING! Eliminating 142 elements with acc. abs freqs beyond the limits...
		 NOTE: Renormalizing to 1 time registers (columns) out of prob tol...
		 Processing 214 elements (rows) and 8 time registers (columns)...
		 Prepare data for the dataset(s)...
		 Fit data and plot figs for: [ALL DATA] 

	 Processing sheet E02
		 Just read 356 elements (rows) and 8 time registers (columns)...
		 WARNING! Eliminating 130 elements with acc. abs freqs beyond the limits...
		 NOTE: Renormalizing to 1 time registers (columns) out of prob tol...
		 Processing 226 elements (rows) and 8 time registers (columns)...
		 Prepare data for the dataset(s)...
		 Fit data and plot figs for: [ALL DATA] 

	 Processing sheet E06
		 Just read 356 elements (rows) and 7 time registers (columns)...
		 WARNING! Eliminating 150 elements with acc. abs freqs beyond the limits...
		 NOTE: Renormalizing to 1 time registers (columns) out of prob tol...
		 Processing 206 elements (rows) and 7 time registers (columns)...
		 Prepare data for the dataset(s)...
		 Fit data and plot figs for: [ALL DATA] 

	 Processing sheet E10
		 Just read 356 elements (rows) and 8 time registers (columns)...
		 WARNING! Eliminating 108 elements with acc. abs freqs beyond the limits...
		 NOTE: Renormalizing to 1 time registers (columns) out of prob tol...
		 Processing 248 elements (rows) and 8 time registers (columns)...
		 Prepare data for the dataset(s)...
		 Fit data and plot figs for: [ALL DATA] 

	 Processing sheet I04
		 Just read 356 elements (rows) and 2 time registers (columns)...
		 WARNING! Eliminating 218 elements with acc. abs freqs beyond the limits...
		 NOTE: Renormalizing to 1 time registers (columns) out of prob tol...
		 Processing 138 elements (rows) and 2 time registers (columns)...
		 Prepare data for the dataset(s)...
		 Fit data and plot figs for: [ALL DATA] 

	 Processing sheet I07
		 Just read 356 elements (rows) and 8 time registers (columns)...
		 WARNING! Eliminating 128 elements with acc. abs freqs beyond the limits...
		 NOTE: Renormalizing to 1 time registers (columns) out of prob tol...
		 Processing 228 elements (rows) and 8 time registers (columns)...
		 Prepare data for the dataset(s)...
		 Fit data and plot figs for: [ALL DATA] 

	 Processing sheet h_A03
		 Just read 356 elements (rows) and 7 time registers (columns)...
		 WARNING! Eliminating 163 elements with acc. abs freqs beyond the limits...
		 NOTE: Renormalizing to 1 time registers (columns) out of prob tol...
		 Processing 193 elements (rows) and 7 time registers (columns)...
		 Prepare data for the dataset(s)...
		 Fit data and plot figs for: [ALL DATA] 

	 Processing sheet h_A05
		 Just read 356 elements (rows) and 8 time registers (columns)...
		 WARNING! Eliminating 131 elements with acc. abs freqs beyond the limits...
		 NOTE: Renormalizing to 1 time registers (columns) out of prob tol...
		 Processing 225 elements (rows) and 8 time registers (columns)...
		 Prepare data for the dataset(s)...
		 Fit data and plot figs for: [ALL DATA] 

	 Processing sheet h_A09
		 Just read 356 elements (rows) and 8 time registers (columns)...
		 WARNING! Eliminating 137 elements with acc. abs freqs beyond the limits...
		 NOTE: Renormalizing to 1 time registers (columns) out of prob tol...
		 Processing 219 elements (rows) and 8 time registers (columns)...
		 Prepare data for the dataset(s)...
		 Fit data and plot figs for: [ALL DATA] 

	 Processing sheet E05
		 Just read 356 elements (rows) and 8 time registers (columns)...
		 WARNING! Eliminating 99 elements with acc. abs freqs beyond the limits...
		 NOTE: Renormalizing to 1 time registers (columns) out of prob tol...
		 Processing 257 elements (rows) and 8 time registers (columns)...
		 Prepare data for the dataset(s)...
		 Fit data and plot figs for: [ALL DATA] 

	 Processing sheet E09
		 Just read 356 elements (rows) and 8 time registers (columns)...
		 WARNING! Eliminating 112 elements with acc. abs freqs beyond the limits...
		 NOTE: Renormalizing to 1 time registers (columns) out of prob tol...
		 Processing 244 elements (rows) and 8 time registers (columns)...
		 Prepare data for the dataset(s)...
		 Fit data and plot figs for: [ALL DATA] 

	 Processing sheet I03
		 Just read 356 elements (rows) and 8 time registers (columns)...
		 WARNING! Eliminating 154 elements with acc. abs freqs beyond the limits...
		 NOTE: Renormalizing to 1 time registers (columns) out of prob tol...
		 Processing 202 elements (rows) and 8 time registers (columns)...
		 Prepare data for the dataset(s)...
		 Fit data and plot figs for: [ALL DATA] 

	 Processing sheet I08
		 Just read 356 elements (rows) and 8 time registers (columns)...
		 WARNING! Eliminating 163 elements with acc. abs freqs beyond the limits...
		 NOTE: Renormalizing to 1 time registers (columns) out of prob tol...
		 Processing 193 elements (rows) and 8 time registers (columns)...
		 Prepare data for the dataset(s)...
		 Fit data and plot figs for: [ALL DATA] 

	 Processing sheet h_A04
		 Just read 356 elements (rows) and 7 time registers (columns)...
		 WARNING! Eliminating 133 elements with acc. abs freqs beyond the limits...
		 NOTE: Renormalizing to 1 time registers (columns) out of prob tol...
		 Processing 223 elements (rows) and 7 time registers (columns)...
		 Prepare data for the dataset(s)...
		 Fit data and plot figs for: [ALL DATA] 

	 Processing sheet h_A06
		 Just read 356 elements (rows) and 4 time registers (columns)...
		 WARNING! Eliminating 171 elements with acc. abs freqs beyond the limits...
		 NOTE: Renormalizing to 1 time registers (columns) out of prob tol...
		 Processing 185 elements (rows) and 4 time registers (columns)...
		 Prepare data for the dataset(s)...
		 Fit data and plot figs for: [ALL DATA] 

	 Processing sheet h_A10
		 Just read 356 elements (rows) and 4 time registers (columns)...
		 WARNING! Eliminating 188 elements with acc. abs freqs beyond the limits...
		 NOTE: Renormalizing to 1 time registers (columns) out of prob tol...
		 Processing 168 elements (rows) and 4 time registers (columns)...
		 Prepare data for the dataset(s)...
		 Fit data and plot figs for: [ALL DATA] 

	 Processing sheet E04
		 Just read 356 elements (rows) and 8 time registers (columns)...
		 WARNING! Eliminating 143 elements with acc. abs freqs beyond the limits...
		 NOTE: Renormalizing to 1 time registers (columns) out of prob tol...
		 Processing 213 elements (rows) and 8 time registers (columns)...
		 Prepare data for the dataset(s)...
		 Fit data and plot figs for: [ALL DATA] 

	 Processing sheet E07
		 Just read 356 elements (rows) and 7 time registers (columns)...
		 WARNING! Eliminating 142 elements with acc. abs freqs beyond the limits...
		 NOTE: Renormalizing to 1 time registers (columns) out of prob tol...
		 Processing 214 elements (rows) and 7 time registers (columns)...
		 Prepare data for the dataset(s)...
		 Fit data and plot figs for: [ALL DATA] 

	 Processing sheet I01
		 Just read 356 elements (rows) and 8 time registers (columns)...
		 WARNING! Eliminating 153 elements with acc. abs freqs beyond the limits...
		 NOTE: Renormalizing to 1 time registers (columns) out of prob tol...
		 Processing 203 elements (rows) and 8 time registers (columns)...
		 Prepare data for the dataset(s)...
		 Fit data and plot figs for: [ALL DATA] 

	 Processing sheet I05
		 Just read 356 elements (rows) and 8 time registers (columns)...
		 WARNING! Eliminating 154 elements with acc. abs freqs beyond the limits...
		 NOTE: Renormalizing to 1 time registers (columns) out of prob tol...
		 Processing 202 elements (rows) and 8 time registers (columns)...
		 Prepare data for the dataset(s)...
		 Fit data and plot figs for: [ALL DATA] 

	 Processing sheet I09
		 Just read 356 elements (rows) and 8 time registers (columns)...
		 WARNING! Eliminating 159 elements with acc. abs freqs beyond the limits...
		 NOTE: Renormalizing to 1 time registers (columns) out of prob tol...
		 Processing 197 elements (rows) and 8 time registers (columns)...
		 Prepare data for the dataset(s)...
		 Fit data and plot figs for: [ALL DATA] 

	 Processing sheet h_A01
		 Just read 356 elements (rows) and 8 time registers (columns)...
		 WARNING! Eliminating 128 elements with acc. abs freqs beyond the limits...
		 NOTE: Renormalizing to 1 time registers (columns) out of prob tol...
		 Processing 228 elements (rows) and 8 time registers (columns)...
		 Prepare data for the dataset(s)...
		 Fit data and plot figs for: [ALL DATA] 

	 Processing sheet h_A07
		 Just read 356 elements (rows) and 8 time registers (columns)...
		 WARNING! Eliminating 146 elements with acc. abs freqs beyond the limits...
		 NOTE: Renormalizing to 1 time registers (columns) out of prob tol...
		 Processing 210 elements (rows) and 8 time registers (columns)...
		 Prepare data for the dataset(s)...
		 Fit data and plot figs for: [ALL DATA] 

	 Processing sheet E01
		 Just read 356 elements (rows) and 8 time registers (columns)...
		 WARNING! Eliminating 142 elements with acc. abs freqs beyond the limits...
		 NOTE: Renormalizing to 1 time registers (columns) out of prob tol...
		 Processing 214 elements (rows) and 8 time registers (columns)...
		 Prepare data for the dataset(s)...
		 Fit data and plot figs for: [ALL DATA] 

	 Processing sheet E03
		 Just read 356 elements (rows) and 8 time registers (columns)...
		 WARNING! Eliminating 145 elements with acc. abs freqs beyond the limits...
		 NOTE: Renormalizing to 1 time registers (columns) out of prob tol...
		 Processing 211 elements (rows) and 8 time registers (columns)...
		 Prepare data for the dataset(s)...
		 Fit data and plot figs for: [ALL DATA] 

	 Processing sheet E08
		 Just read 356 elements (rows) and 4 time registers (columns)...
		 WARNING! Eliminating 174 elements with acc. abs freqs beyond the limits...
		 NOTE: Renormalizing to 1 time registers (columns) out of prob tol...
		 Processing 182 elements (rows) and 4 time registers (columns)...
		 Prepare data for the dataset(s)...
		 Fit data and plot figs for: [ALL DATA] 

	 Processing sheet I02
		 Just read 356 elements (rows) and 8 time registers (columns)...
		 WARNING! Eliminating 133 elements with acc. abs freqs beyond the limits...
		 NOTE: Renormalizing to 1 time registers (columns) out of prob tol...
		 Processing 223 elements (rows) and 8 time registers (columns)...
		 Prepare data for the dataset(s)...
		 Fit data and plot figs for: [ALL DATA] 

	 Processing sheet I06
		 Just read 356 elements (rows) and 8 time registers (columns)...
		 WARNING! Eliminating 151 elements with acc. abs freqs beyond the limits...
		 NOTE: Renormalizing to 1 time registers (columns) out of prob tol...
		 Processing 205 elements (rows) and 8 time registers (columns)...
		 Prepare data for the dataset(s)...
		 Fit data and plot figs for: [ALL DATA] 

	 Processing sheet I10
		 Just read 356 elements (rows) and 8 time registers (columns)...
		 WARNING! Eliminating 164 elements with acc. abs freqs beyond the limits...
		 NOTE: Renormalizing to 1 time registers (columns) out of prob tol...
		 Processing 192 elements (rows) and 8 time registers (columns)...
		 Prepare data for the dataset(s)...
		 Fit data and plot figs for: [ALL DATA] 

	 Standardization step: by 10 h_ elements. Stan. matrix:
           mean_w     stdv_w    __sigm    __disp     _stdv
xW_V     0.213448  0.0761897  0.031265  0.110039  0.114395
xW_beta  0.818599   0.021243  0.018889  0.020879  0.028156

Saving results for ./counts.genus.individuals.hA.xlsx...

NOTE: pdfLaTeX console output next......
END: LaTeX and its PDF file successfully created!

END: cmplxcruncher successfully parsed 1 files in the directory '.'.
END: 30 data sets have been processed in this session.
